Using pre-set license
Built from '2022.3/release' branch; Version is '2022.3.20f1 (61c2feb0970d) revision 6406910'; Using compiler version '192829333'; Build Type 'Release'
OS: 'Windows 10  (10.0.19045) 64bit Education' Language: 'en' Physical Memory: 16319 MB
BatchMode: 1, IsHumanControllingUs: 0, StartBugReporterOnCrash: 0, Is64bit: 1, IsPro: 1

COMMAND LINE ARGUMENTS:
C:\Program Files\Unity\Hub\Editor\2022.3.20f1\Editor\Unity.exe
-adb2
-batchMode
-noUpm
-name
AssetImportWorker1
-projectPath
C:/Users/539993/OneDrive - eastsussexcollegegroup/Unity/Games/VR-Testing
-logFile
Logs/AssetImportWorker1.log
-srvPort
60102
Successfully changed project path to: C:/Users/539993/OneDrive - eastsussexcollegegroup/Unity/Games/VR-Testing
C:/Users/539993/OneDrive - eastsussexcollegegroup/Unity/Games/VR-Testing
[UnityMemory] Configuration Parameters - Can be set up in boot.config
    "memorysetup-bucket-allocator-granularity=16"
    "memorysetup-bucket-allocator-bucket-count=8"
    "memorysetup-bucket-allocator-block-size=33554432"
    "memorysetup-bucket-allocator-block-count=8"
    "memorysetup-main-allocator-block-size=16777216"
    "memorysetup-thread-allocator-block-size=16777216"
    "memorysetup-gfx-main-allocator-block-size=16777216"
    "memorysetup-gfx-thread-allocator-block-size=16777216"
    "memorysetup-cache-allocator-block-size=4194304"
    "memorysetup-typetree-allocator-block-size=2097152"
    "memorysetup-profiler-bucket-allocator-granularity=16"
    "memorysetup-profiler-bucket-allocator-bucket-count=8"
    "memorysetup-profiler-bucket-allocator-block-size=33554432"
    "memorysetup-profiler-bucket-allocator-block-count=8"
    "memorysetup-profiler-allocator-block-size=16777216"
    "memorysetup-profiler-editor-allocator-block-size=1048576"
    "memorysetup-temp-allocator-size-main=16777216"
    "memorysetup-job-temp-allocator-block-size=2097152"
    "memorysetup-job-temp-allocator-block-size-background=1048576"
    "memorysetup-job-temp-allocator-reduction-small-platforms=262144"
    "memorysetup-allocator-temp-initial-block-size-main=262144"
    "memorysetup-allocator-temp-initial-block-size-worker=262144"
    "memorysetup-temp-allocator-size-background-worker=32768"
    "memorysetup-temp-allocator-size-job-worker=262144"
    "memorysetup-temp-allocator-size-preload-manager=33554432"
    "memorysetup-temp-allocator-size-nav-mesh-worker=65536"
    "memorysetup-temp-allocator-size-audio-worker=65536"
    "memorysetup-temp-allocator-size-cloud-worker=32768"
    "memorysetup-temp-allocator-size-gi-baking-worker=262144"
    "memorysetup-temp-allocator-size-gfx=262144"
Player connection [22596] Host "[IP] 172.27.171.109 [Port] 0 [Flags] 2 [Guid] 270632929 [EditorId] 270632929 [Version] 1048832 [Id] WindowsEditor(7,L-CB346-21228) [Debug] 1 [PackageName] WindowsEditor [ProjectName] Editor" joined multi-casting on [225.0.0.222:54997]...

Player connection [22596] Host "[IP] 172.27.171.109 [Port] 0 [Flags] 2 [Guid] 270632929 [EditorId] 270632929 [Version] 1048832 [Id] WindowsEditor(7,L-CB346-21228) [Debug] 1 [PackageName] WindowsEditor [ProjectName] Editor" joined alternative multi-casting on [225.0.0.222:34997]...

[Physics::Module] Initialized MultithreadedJobDispatcher with 7 workers.
Refreshing native plugins compatible for Editor in 1213.60 ms, found 9 plugins.
Preloading 0 native plugins for Editor in 0.00 ms.
Initialize engine version: 2022.3.20f1 (61c2feb0970d)
[Subsystems] Discovering subsystems at path C:/Program Files/Unity/Hub/Editor/2022.3.20f1/Editor/Data/Resources/UnitySubsystems
[Subsystems] Discovering subsystems at path C:/Users/539993/OneDrive - eastsussexcollegegroup/Unity/Games/VR-Testing/Assets
GfxDevice: creating device client; threaded=0; jobified=0
Direct3D:
    Version:  Direct3D 11.0 [level 11.1]
    Renderer: NVIDIA GeForce GTX 1650 (ID=0x1f82)
    Vendor:   NVIDIA
    VRAM:     3949 MB
    Driver:   31.0.15.3623
Initialize mono
Mono path[0] = 'C:/Program Files/Unity/Hub/Editor/2022.3.20f1/Editor/Data/Managed'
Mono path[1] = 'C:/Program Files/Unity/Hub/Editor/2022.3.20f1/Editor/Data/MonoBleedingEdge/lib/mono/unityjit-win32'
Mono config path = 'C:/Program Files/Unity/Hub/Editor/2022.3.20f1/Editor/Data/MonoBleedingEdge/etc'
Using monoOptions --debugger-agent=transport=dt_socket,embedding=1,server=y,suspend=n,address=127.0.0.1:56456
Begin MonoManager ReloadAssembly
Registering precompiled unity dll's ...
Register platform support module: C:/Program Files/Unity/Hub/Editor/2022.3.20f1/Editor/Data/PlaybackEngines/WebGLSupport/UnityEditor.WebGL.Extensions.dll
Register platform support module: C:/Program Files/Unity/Hub/Editor/2022.3.20f1/Editor/Data/PlaybackEngines/MacStandaloneSupport/UnityEditor.OSXStandalone.Extensions.dll
Register platform support module: C:/Program Files/Unity/Hub/Editor/2022.3.20f1/Editor/Data/PlaybackEngines/AndroidPlayer/UnityEditor.Android.Extensions.dll
Register platform support module: C:/Program Files/Unity/Hub/Editor/2022.3.20f1/Editor/Data/PlaybackEngines/iOSSupport/UnityEditor.iOS.Extensions.dll
Register platform support module: C:/Program Files/Unity/Hub/Editor/2022.3.20f1/Editor/Data/PlaybackEngines/AppleTVSupport/UnityEditor.AppleTV.Extensions.dll
Register platform support module: C:/Program Files/Unity/Hub/Editor/2022.3.20f1/Editor/Data/PlaybackEngines/WindowsStandaloneSupport/UnityEditor.WindowsStandalone.Extensions.dll
Register platform support module: C:/Program Files/Unity/Hub/Editor/2022.3.20f1/Editor/Data/PlaybackEngines/LinuxStandaloneSupport/UnityEditor.LinuxStandalone.Extensions.dll
Register platform support module: C:/Program Files/Unity/Hub/Editor/2022.3.20f1/Editor/Data/PlaybackEngines/MetroSupport/UnityEditor.UWP.Extensions.dll
Registered in 0.062346 seconds.
- Loaded All Assemblies, in  3.520 seconds
Native extension for UWP target not found
Native extension for LinuxStandalone target not found
Native extension for WindowsStandalone target not found
[usbmuxd] Start listen thread
[usbmuxd] Listen thread started
[usbmuxd] Send listen message
Native extension for AppleTV target not found
[usbmuxd] Start listen thread
[usbmuxd] Listen thread started
[usbmuxd] Send listen message
Native extension for iOS target not found
Native extension for Android target not found
Android Extension - Scanning For ADB Devices 546 ms
Native extension for OSXStandalone target not found
Native extension for WebGL target not found
Mono: successfully reloaded assembly
- Finished resetting the current domain, in  1.238 seconds
Domain Reload Profiling: 4753ms
	BeginReloadAssembly (2508ms)
		ExecutionOrderSort (0ms)
		DisableScriptedObjects (0ms)
		BackupInstance (0ms)
		ReleaseScriptingObjects (0ms)
		CreateAndSetChildDomain (1ms)
	RebuildCommonClasses (51ms)
	RebuildNativeTypeToScriptingClass (13ms)
	initialDomainReloadingComplete (159ms)
	LoadAllAssembliesAndSetupDomain (783ms)
		LoadAssemblies (2507ms)
		RebuildTransferFunctionScriptingTraits (0ms)
		AnalyzeDomain (775ms)
			TypeCache.Refresh (773ms)
				TypeCache.ScanAssembly (461ms)
			ScanForSourceGeneratedMonoScriptInfo (1ms)
			ResolveRequiredComponents (1ms)
	FinalizeReload (1238ms)
		ReleaseScriptCaches (0ms)
		RebuildScriptCaches (0ms)
		SetupLoadedEditorAssemblies (1142ms)
			LogAssemblyErrors (0ms)
			InitializePlatformSupportModulesInManaged (885ms)
			SetLoadedEditorAssemblies (6ms)
			RefreshPlugins (0ms)
			BeforeProcessingInitializeOnLoad (3ms)
			ProcessInitializeOnLoadAttributes (171ms)
			ProcessInitializeOnLoadMethodAttributes (77ms)
			AfterProcessingInitializeOnLoad (0ms)
			EditorAssembliesLoaded (0ms)
		ExecutionOrderSort2 (0ms)
		AwakeInstancesAfterBackupRestoration (0ms)
========================================================================
Worker process is ready to serve import requests
Begin MonoManager ReloadAssembly
- Loaded All Assemblies, in  4.150 seconds
Refreshing native plugins compatible for Editor in 38.78 ms, found 9 plugins.
Native extension for UWP target not found
Native extension for LinuxStandalone target not found
Native extension for WindowsStandalone target not found
Native extension for AppleTV target not found
Native extension for iOS target not found
Native extension for Android target not found
Native extension for OSXStandalone target not found
Native extension for WebGL target not found
Package Manager log level set to [2]
[Package Manager] Server::EnsureServerProcessIsRunning -- launch failed, reason: Unity was launched with the -noUpm command-line argument
[Package Manager] UpmClient::Send -- Unable to send message (not connected to UPM process).
[Package Manager] Cannot connect to Unity Package Manager local server
[Package Manager] Server::EnsureServerProcessIsRunning -- launch failed, reason: Unity was launched with the -noUpm command-line argument
[Package Manager] UpmClient::Send -- Unable to send message (not connected to UPM process).
[Package Manager] Cannot connect to Unity Package Manager local server
Loading style catalogs (8)
	StyleSheets/Extensions/base/common.uss
	UIPackageResources/StyleSheets/Default/Variables/Public/common.uss
	StyleSheets/Northstar/common.uss
	StyleSheets/Extensions/fonts/inter.uss
	StyleSheets/Extensions/base/dark.uss
	UIPackageResources/StyleSheets/Default/Northstar/Palette/dark.uss
	Packages/com.unity.timeline/Editor/StyleSheets/Extensions/dark.uss
	Packages/com.unity.timeline/Editor/StyleSheets/Extensions/common.uss
Mono: successfully reloaded assembly
[Package Manager] Server::EnsureServerProcessIsRunning -- launch failed, reason: Unity was launched with the -noUpm command-line argument
[Package Manager] UpmClient::Send -- Unable to send message (not connected to UPM process).
[Package Manager] Cannot connect to Unity Package Manager local server
[Package Manager] Server::EnsureServerProcessIsRunning -- launch failed, reason: Unity was launched with the -noUpm command-line argument
[Package Manager] UpmClient::Send -- Unable to send message (not connected to UPM process).
[Package Manager] Cannot connect to Unity Package Manager local server
- Finished resetting the current domain, in  1.792 seconds
Domain Reload Profiling: 5928ms
	BeginReloadAssembly (251ms)
		ExecutionOrderSort (0ms)
		DisableScriptedObjects (8ms)
		BackupInstance (0ms)
		ReleaseScriptingObjects (0ms)
		CreateAndSetChildDomain (35ms)
	RebuildCommonClasses (58ms)
	RebuildNativeTypeToScriptingClass (16ms)
	initialDomainReloadingComplete (74ms)
	LoadAllAssembliesAndSetupDomain (3736ms)
		LoadAssemblies (2778ms)
		RebuildTransferFunctionScriptingTraits (0ms)
		AnalyzeDomain (1109ms)
			TypeCache.Refresh (1037ms)
				TypeCache.ScanAssembly (939ms)
			ScanForSourceGeneratedMonoScriptInfo (52ms)
			ResolveRequiredComponents (19ms)
	FinalizeReload (1792ms)
		ReleaseScriptCaches (0ms)
		RebuildScriptCaches (0ms)
		SetupLoadedEditorAssemblies (1465ms)
			LogAssemblyErrors (0ms)
			InitializePlatformSupportModulesInManaged (128ms)
			SetLoadedEditorAssemblies (6ms)
			RefreshPlugins (0ms)
			BeforeProcessingInitializeOnLoad (186ms)
			ProcessInitializeOnLoadAttributes (935ms)
			ProcessInitializeOnLoadMethodAttributes (182ms)
			AfterProcessingInitializeOnLoad (28ms)
			EditorAssembliesLoaded (0ms)
		ExecutionOrderSort2 (0ms)
		AwakeInstancesAfterBackupRestoration (9ms)
Launched and connected shader compiler UnityShaderCompiler.exe after 0.10 seconds
Refreshing native plugins compatible for Editor in 45.70 ms, found 9 plugins.
Preloading 0 native plugins for Editor in 0.00 ms.
Unloading 6554 Unused Serialized files (Serialized files now loaded: 0)
Unloading 132 unused Assets / (2.0 MB). Loaded Objects now: 7029.
Memory consumption went from 254.6 MB to 252.6 MB.
Total: 9.454500 ms (FindLiveObjects: 0.698600 ms CreateObjectMapping: 0.902900 ms MarkObjects: 6.045400 ms  DeleteObjects: 1.805500 ms)

AssetImportParameters requested are different than current active one (requested -> active):
  custom:container-demuxer-ogg: 62fdf1f143b41e24485cea50d1cbac27 -> 
  custom:framework-win-MediaFoundation: 216162199b28c13a410421893ffa2e32 -> 
  custom:container-muxer-webm: aa71ff27fc2769a1b78a27578f13a17b -> 
  custom:video-decoder-webm-vp8: 9c59270c3fd7afecdb556c50c9e8de78 -> 
  custom:SearchIndexIgnoredProperties: e643bd26f0fe6173181afceb89e7c659 -> 
  custom:AudioImporter_EditorPlatform: d09bf68614088b80899f8185d706f6e7 -> 
  custom:audio-decoder-ogg-vorbis: bf7c407c2cedff20999df2af8eb42d56 -> 
  custom:audio-encoder-webm-vorbis: bf7c407c2cedff20999df2af8eb42d56 -> 
  custom:video-decoder-ogg-theora: a1e56fd34408186e4bbccfd4996cb3dc -> 
  custom:CustomObjectIndexerAttribute: 62b5816608c3102f162a1797e29626cf -> 
  custom:container-demuxer-webm: 4f35f7cbe854078d1ac9338744f61a02 -> 
  custom:video-encoder-webm-vp8: eb34c28f22e8b96e1ab97ce403110664 -> 
========================================================================
Received Import Request.
  Time since last request: 444325.621127 seconds.
  path: Assets/Materials/Tile 2.mat
  artifactKey: Guid(d78ecb37e179c7e4a82108b6f3a82d0a) Importer(815301076,1909f56bfc062723c751e8b465ee728b)
Start importing Assets/Materials/Tile 2.mat using Guid(d78ecb37e179c7e4a82108b6f3a82d0a) Importer(815301076,1909f56bfc062723c751e8b465ee728b)  -> (artifact id: '0e85f5ae0937e7269cd53a55bdc975c5') in 0.493651 seconds
Number of updated asset objects reloaded before import = 0
Number of asset objects unloaded after import = 4
========================================================================
Received Import Request.
  Time since last request: 684.251179 seconds.
  path: Assets/Models/Vr Props - Cylinder.fbx
  artifactKey: Guid(518b0cc3477ecc74d9bcdeeb25de7a9b) Importer(815301076,1909f56bfc062723c751e8b465ee728b)
Start importing Assets/Models/Vr Props - Cylinder.fbx using Guid(518b0cc3477ecc74d9bcdeeb25de7a9b) Importer(815301076,1909f56bfc062723c751e8b465ee728b)  -> (artifact id: '35cbba9b65c0205962b7682a2f764d01') in 0.205310 seconds
Number of updated asset objects reloaded before import = 0
Number of asset objects unloaded after import = 11
========================================================================
Received Import Request.
  Time since last request: 42.131518 seconds.
  path: Assets/Models/Vr Props - Cylinder.fbx
  artifactKey: Guid(518b0cc3477ecc74d9bcdeeb25de7a9b) Importer(815301076,1909f56bfc062723c751e8b465ee728b)
Start importing Assets/Models/Vr Props - Cylinder.fbx using Guid(518b0cc3477ecc74d9bcdeeb25de7a9b) Importer(815301076,1909f56bfc062723c751e8b465ee728b)  -> (artifact id: '6a6a89facab96744fc55708051ec7771') in 0.051512 seconds
Number of updated asset objects reloaded before import = 0
Number of asset objects unloaded after import = 11
========================================================================
Received Import Request.
  Time since last request: 8.601013 seconds.
  path: Assets/Models/Vr Props - Cylinder.fbx
  artifactKey: Guid(518b0cc3477ecc74d9bcdeeb25de7a9b) Importer(815301076,1909f56bfc062723c751e8b465ee728b)
Start importing Assets/Models/Vr Props - Cylinder.fbx using Guid(518b0cc3477ecc74d9bcdeeb25de7a9b) Importer(815301076,1909f56bfc062723c751e8b465ee728b)  -> (artifact id: 'e39c3e2df09d5453b5c33e3cf4785cfd') in 0.074552 seconds
Number of updated asset objects reloaded before import = 0
Number of asset objects unloaded after import = 11
========================================================================
Received Import Request.
  Time since last request: 0.000315 seconds.
  path: Assets/Models/Vr Props - Sphere.fbx
  artifactKey: Guid(95f89eec829ce4b4cb95afbf6aea05a0) Importer(815301076,1909f56bfc062723c751e8b465ee728b)
Start importing Assets/Models/Vr Props - Sphere.fbx using Guid(95f89eec829ce4b4cb95afbf6aea05a0) Importer(815301076,1909f56bfc062723c751e8b465ee728b)  -> (artifact id: '47ae200a5e068c36bfba2841cdb66981') in 0.073036 seconds
Number of updated asset objects reloaded before import = 0
Number of asset objects unloaded after import = 11
========================================================================
Received Import Request.
  Time since last request: 10.471700 seconds.
  path: Assets/Models/Vr Props - Cylinder.fbx
  artifactKey: Guid(518b0cc3477ecc74d9bcdeeb25de7a9b) Importer(815301076,1909f56bfc062723c751e8b465ee728b)
Start importing Assets/Models/Vr Props - Cylinder.fbx using Guid(518b0cc3477ecc74d9bcdeeb25de7a9b) Importer(815301076,1909f56bfc062723c751e8b465ee728b)  -> (artifact id: '447c2871c9b8897208e437da42f79f1b') in 0.059625 seconds
Number of updated asset objects reloaded before import = 0
Number of asset objects unloaded after import = 11
========================================================================
Received Import Request.
  Time since last request: 6.685233 seconds.
  path: Assets/Models/Vr Props - Cylinder.fbx
  artifactKey: Guid(518b0cc3477ecc74d9bcdeeb25de7a9b) Importer(815301076,1909f56bfc062723c751e8b465ee728b)
Start importing Assets/Models/Vr Props - Cylinder.fbx using Guid(518b0cc3477ecc74d9bcdeeb25de7a9b) Importer(815301076,1909f56bfc062723c751e8b465ee728b)  -> (artifact id: '54a7cb614c063d3e99e7eb4eae4da985') in 0.069931 seconds
Number of updated asset objects reloaded before import = 0
Number of asset objects unloaded after import = 11
========================================================================
Received Import Request.
  Time since last request: 0.000032 seconds.
  path: Assets/Models/Vr Props - Sphere.fbx
  artifactKey: Guid(95f89eec829ce4b4cb95afbf6aea05a0) Importer(815301076,1909f56bfc062723c751e8b465ee728b)
Start importing Assets/Models/Vr Props - Sphere.fbx using Guid(95f89eec829ce4b4cb95afbf6aea05a0) Importer(815301076,1909f56bfc062723c751e8b465ee728b)  -> (artifact id: '0ddc12fd4eec61ea946176f22565608b') in 0.046683 seconds
Number of updated asset objects reloaded before import = 0
Number of asset objects unloaded after import = 11
========================================================================
Received Import Request.
  Time since last request: 304.148074 seconds.
  path: Assets/Materials/Tile 2.mat
  artifactKey: Guid(d78ecb37e179c7e4a82108b6f3a82d0a) Importer(815301076,1909f56bfc062723c751e8b465ee728b)
Start importing Assets/Materials/Tile 2.mat using Guid(d78ecb37e179c7e4a82108b6f3a82d0a) Importer(815301076,1909f56bfc062723c751e8b465ee728b)  -> (artifact id: '0a81e4bddd146ec2015db9e6dae5f5fa') in 0.183958 seconds
Number of updated asset objects reloaded before import = 0
Number of asset objects unloaded after import = 4
========================================================================
Received Import Request.
  Time since last request: 0.000041 seconds.
  path: Assets/Materials/Tile 3.mat
  artifactKey: Guid(f7b6aa1a43fcb734ba5b7dc3b4bf7fa4) Importer(815301076,1909f56bfc062723c751e8b465ee728b)
Start importing Assets/Materials/Tile 3.mat using Guid(f7b6aa1a43fcb734ba5b7dc3b4bf7fa4) Importer(815301076,1909f56bfc062723c751e8b465ee728b)  -> (artifact id: 'bfed9efd7a2efd5ed16c1b07394bcc05') in 0.064697 seconds
Number of updated asset objects reloaded before import = 0
Number of asset objects unloaded after import = 4
